c:\users\skele\onedrive\desktop\demos\networking-demos\demo_one\multiplayer2dshooter\multiplayer2dshooter\x64\debug\vc143.pdb
c:\users\skele\onedrive\desktop\demos\networking-demos\demo_one\multiplayer2dshooter\multiplayer2dshooter\x64\debug\vc143.idb
c:\users\skele\onedrive\desktop\demos\networking-demos\demo_one\multiplayer2dshooter\multiplayer2dshooter\x64\debug\timer.obj
c:\users\skele\onedrive\desktop\demos\networking-demos\demo_one\multiplayer2dshooter\multiplayer2dshooter\x64\debug\player.obj
c:\users\skele\onedrive\desktop\demos\networking-demos\demo_one\multiplayer2dshooter\multiplayer2dshooter\x64\debug\texture.obj
c:\users\skele\onedrive\desktop\demos\networking-demos\demo_one\multiplayer2dshooter\multiplayer2dshooter\x64\debug\button.obj
c:\users\skele\onedrive\desktop\demos\networking-demos\demo_one\multiplayer2dshooter\multiplayer2dshooter\x64\debug\source.obj
c:\users\skele\onedrive\desktop\demos\networking-demos\demo_one\multiplayer2dshooter\x64\debug\multiplayer2dshooter.exe
c:\users\skele\onedrive\desktop\demos\networking-demos\demo_one\multiplayer2dshooter\x64\debug\multiplayer2dshooter.pdb
c:\users\skele\onedrive\desktop\demos\networking-demos\demo_one\multiplayer2dshooter\x64\debug\sdl2d.dll
c:\users\skele\onedrive\desktop\demos\networking-demos\demo_one\multiplayer2dshooter\x64\debug\sdl2_imaged.dll
c:\users\skele\onedrive\desktop\demos\networking-demos\demo_one\multiplayer2dshooter\x64\debug\libpng16d.dll
c:\users\skele\onedrive\desktop\demos\networking-demos\demo_one\multiplayer2dshooter\x64\debug\zlibd1.dll
c:\users\skele\onedrive\desktop\demos\networking-demos\demo_one\multiplayer2dshooter\x64\debug\sdl2_mixerd.dll
c:\users\skele\onedrive\desktop\demos\networking-demos\demo_one\multiplayer2dshooter\x64\debug\vorbisfile.dll
c:\users\skele\onedrive\desktop\demos\networking-demos\demo_one\multiplayer2dshooter\x64\debug\vorbis.dll
c:\users\skele\onedrive\desktop\demos\networking-demos\demo_one\multiplayer2dshooter\x64\debug\ogg.dll
c:\users\skele\onedrive\desktop\demos\networking-demos\demo_one\multiplayer2dshooter\x64\debug\wavpackdll.dll
c:\users\skele\onedrive\desktop\demos\networking-demos\demo_one\multiplayer2dshooter\x64\debug\sdl2_ttfd.dll
c:\users\skele\onedrive\desktop\demos\networking-demos\demo_one\multiplayer2dshooter\x64\debug\freetyped.dll
c:\users\skele\onedrive\desktop\demos\networking-demos\demo_one\multiplayer2dshooter\x64\debug\bz2d.dll
c:\users\skele\onedrive\desktop\demos\networking-demos\demo_one\multiplayer2dshooter\x64\debug\brotlidec.dll
c:\users\skele\onedrive\desktop\demos\networking-demos\demo_one\multiplayer2dshooter\x64\debug\brotlicommon.dll
c:\users\skele\onedrive\desktop\demos\networking-demos\demo_one\multiplayer2dshooter\multiplayer2dshooter\x64\debug\multiplayer2dshooter.ilk
c:\users\skele\onedrive\desktop\demos\networking-demos\demo_one\multiplayer2dshooter\multiplayer2dshooter\x64\debug\multipla.05f093c0.tlog\cl.command.1.tlog
c:\users\skele\onedrive\desktop\demos\networking-demos\demo_one\multiplayer2dshooter\multiplayer2dshooter\x64\debug\multipla.05f093c0.tlog\cl.items.tlog
c:\users\skele\onedrive\desktop\demos\networking-demos\demo_one\multiplayer2dshooter\multiplayer2dshooter\x64\debug\multipla.05f093c0.tlog\cl.read.1.tlog
c:\users\skele\onedrive\desktop\demos\networking-demos\demo_one\multiplayer2dshooter\multiplayer2dshooter\x64\debug\multipla.05f093c0.tlog\cl.write.1.tlog
c:\users\skele\onedrive\desktop\demos\networking-demos\demo_one\multiplayer2dshooter\multiplayer2dshooter\x64\debug\multipla.05f093c0.tlog\link.command.1.tlog
c:\users\skele\onedrive\desktop\demos\networking-demos\demo_one\multiplayer2dshooter\multiplayer2dshooter\x64\debug\multipla.05f093c0.tlog\link.read.1.tlog
c:\users\skele\onedrive\desktop\demos\networking-demos\demo_one\multiplayer2dshooter\multiplayer2dshooter\x64\debug\multipla.05f093c0.tlog\link.secondary.1.tlog
c:\users\skele\onedrive\desktop\demos\networking-demos\demo_one\multiplayer2dshooter\multiplayer2dshooter\x64\debug\multipla.05f093c0.tlog\link.write.1.tlog
c:\users\skele\onedrive\desktop\demos\networking-demos\demo_one\multiplayer2dshooter\multiplayer2dshooter\x64\debug\multipla.05f093c0.tlog\multiplayer2dshooter.write.1u.tlog
